#
# There is insufficient memory for the Java Runtime Environment to continue.
# Native memory allocation (malloc) failed to allocate 1180272 bytes for Chunk::new
# Possible reasons:
#   The system is out of physical RAM or swap space
#   The process is running with CompressedOops enabled, and the Java Heap may be blocking the growth of the native heap
# Possible solutions:
#   Reduce memory load on the system
#   Increase physical memory or swap space
#   Check if swap backing store is full
#   Decrease Java heap size (-Xmx/-Xms)
#   Decrease number of Java threads
#   Decrease Java thread stack sizes (-Xss)
#   Set larger code cache with -XX:ReservedCodeCacheSize=
#   JVM is running with Unscaled Compressed Oops mode in which the Java heap is
#     placed in the first 4GB address space. The Java Heap base address is the
#     maximum limit for the native heap growth. Please use -XX:HeapBaseMinAddress
#     to set the Java Heap base and to place the Java Heap above 4GB virtual address.
# This output file may be truncated or incomplete.
#
#  Out of Memory Error (arena.cpp:189), pid=32184, tid=32840
#
# JRE version: OpenJDK Runtime Environment Temurin-17.0.8.1+1 (17.0.8.1+1) (build 17.0.8.1+1)
# Java VM: OpenJDK 64-Bit Server VM Temurin-17.0.8.1+1 (17.0.8.1+1, mixed mode, tiered, compressed oops, compressed class ptrs, g1 gc, windows-amd64)
# No core dump will be written. Minidumps are not enabled by default on client versions of Windows
#

---------------  S U M M A R Y ------------

Command Line: -Dfile.encoding=UTF-8 -Dstdout.encoding=UTF-8 -Dstderr.encoding=UTF-8 -XX:+ShowCodeDetailsInExceptionMessages actionsandrobotclass.MouseOverDemo

Host: Intel(R) Core(TM) i7-8550U CPU @ 1.80GHz, 8 cores, 7G,  Windows 10 , 64 bit Build 19041 (10.0.19041.3636)
Time: Fri Dec 22 11:23:08 2023 India Standard Time elapsed time: 3.505368 seconds (0d 0h 0m 3s)

---------------  T H R E A D  ---------------

Current thread (0x0000023a0f66c6c0):  JavaThread "C2 CompilerThread0" daemon [_thread_in_native, id=32840, stack(0x000000c09b600000,0x000000c09b700000)]


Current CompileTask:
C2:   3505 1673       4       java.lang.invoke.MethodType::makeImpl (109 bytes)

Stack: [0x000000c09b600000,0x000000c09b700000]
Native frames: (J=compiled Java code, j=interpreted, Vv=VM code, C=native code)
V  [jvm.dll+0x678b0a]
V  [jvm.dll+0x835e84]
V  [jvm.dll+0x83762e]
V  [jvm.dll+0x837c93]
V  [jvm.dll+0x24746f]
V  [jvm.dll+0xac20c]
V  [jvm.dll+0xac7dc]
V  [jvm.dll+0x365ca7]
V  [jvm.dll+0x1bd1f8]
V  [jvm.dll+0x219d49]
V  [jvm.dll+0x219011]
V  [jvm.dll+0x1a534d]
V  [jvm.dll+0x228d8a]
V  [jvm.dll+0x226dcc]
V  [jvm.dll+0x7ec09b]
V  [jvm.dll+0x7e64ca]
V  [jvm.dll+0x677955]
C  [ucrtbase.dll+0x21bb2]
C  [KERNEL32.DLL+0x17344]
C  [ntdll.dll+0x526b1]


---------------  P R O C E S S  ---------------

Threads class SMR info:
_java_thread_list=0x0000023a149eec00, length=26, elements={
0x0000023a0f647830, 0x0000023a0f6483f0, 0x0000023a0f6943c0, 0x0000023a0f696da0,
0x0000023a0f6986a0, 0x0000023a0f699da0, 0x0000023a0f66c6c0, 0x0000023a0f66dfc0,
0x0000023a0f6b8780, 0x0000023a0f6b7340, 0x0000023a0f6b6410, 0x0000023a0f6b7d60,
0x0000023a0f6b4fd0, 0x0000023a0f6b54e0, 0x0000023a0f6b59f0, 0x0000023a0f6b5f00,
0x0000023a0f6b6920, 0x0000023a0f6b6e30, 0x0000023a0f6b7850, 0x0000023a148c20a0,
0x0000023a148c5850, 0x0000023a148c76b0, 0x0000023a148c9a20, 0x0000023a148c7bc0,
0x0000023a148c4410, 0x0000023a148c3f00
}

Java Threads: ( => current thread )
  0x0000023a0f647830 JavaThread "Reference Handler" daemon [_thread_blocked, id=34168, stack(0x000000c09b000000,0x000000c09b100000)]
  0x0000023a0f6483f0 JavaThread "Finalizer" daemon [_thread_blocked, id=34456, stack(0x000000c09b100000,0x000000c09b200000)]
  0x0000023a0f6943c0 JavaThread "Signal Dispatcher" daemon [_thread_blocked, id=13832, stack(0x000000c09b200000,0x000000c09b300000)]
  0x0000023a0f696da0 JavaThread "Attach Listener" daemon [_thread_blocked, id=36292, stack(0x000000c09b300000,0x000000c09b400000)]
  0x0000023a0f6986a0 JavaThread "Service Thread" daemon [_thread_blocked, id=6844, stack(0x000000c09b400000,0x000000c09b500000)]
  0x0000023a0f699da0 JavaThread "Monitor Deflation Thread" daemon [_thread_blocked, id=34616, stack(0x000000c09b500000,0x000000c09b600000)]
=>0x0000023a0f66c6c0 JavaThread "C2 CompilerThread0" daemon [_thread_in_native, id=32840, stack(0x000000c09b600000,0x000000c09b700000)]
  0x0000023a0f66dfc0 JavaThread "C1 CompilerThread0" daemon [_thread_blocked, id=16928, stack(0x000000c09b700000,0x000000c09b800000)]
  0x0000023a0f6b8780 JavaThread "Sweeper thread" daemon [_thread_blocked, id=6640, stack(0x000000c09b800000,0x000000c09b900000)]
  0x0000023a0f6b7340 JavaThread "Notification Thread" daemon [_thread_blocked, id=33348, stack(0x000000c09b900000,0x000000c09ba00000)]
  0x0000023a0f6b6410 JavaThread "Common-Cleaner" daemon [_thread_blocked, id=17892, stack(0x000000c09bb00000,0x000000c09bc00000)]
  0x0000023a0f6b7d60 JavaThread "ForkJoinPool.commonPool-worker-1" daemon [_thread_blocked, id=35620, stack(0x000000c09bc00000,0x000000c09bd00000)]
  0x0000023a0f6b4fd0 JavaThread "HttpClient-1-SelectorManager" daemon [_thread_in_native, id=32436, stack(0x000000c09bd00000,0x000000c09be00000)]
  0x0000023a0f6b54e0 JavaThread "External Process Output Forwarder - C:\Users\sweek\.cache\selenium\chromedriver\win64\120.0.6099.109\chromedriver.exe" [_thread_in_native, id=36732, stack(0x000000c09be00000,0x000000c09bf00000)]
  0x0000023a0f6b59f0 JavaThread "Driver Service Executor" daemon [_thread_blocked, id=33680, stack(0x000000c09bf00000,0x000000c09c000000)]
  0x0000023a0f6b5f00 JavaThread "Driver Service Executor" daemon [_thread_in_native, id=7444, stack(0x000000c09c000000,0x000000c09c100000)]
  0x0000023a0f6b6920 JavaThread "UrlChecker-2" daemon [_thread_blocked, id=35680, stack(0x000000c09c900000,0x000000c09ca00000)]
  0x0000023a0f6b6e30 JavaThread "Keep-Alive-Timer" daemon [_thread_blocked, id=14544, stack(0x000000c09cb00000,0x000000c09cc00000)]
  0x0000023a0f6b7850 JavaThread "pool-1-thread-1" [_thread_blocked, id=21112, stack(0x000000c09cc00000,0x000000c09cd00000)]
  0x0000023a148c20a0 JavaThread "pool-1-thread-2" [_thread_blocked, id=5892, stack(0x000000c09cd00000,0x000000c09ce00000)]
  0x0000023a148c5850 JavaThread "pool-1-thread-3" [_thread_blocked, id=31152, stack(0x000000c09ce00000,0x000000c09cf00000)]
  0x0000023a148c76b0 JavaThread "HttpClient-2-SelectorManager" daemon [_thread_in_native, id=14468, stack(0x000000c09cf00000,0x000000c09d000000)]
  0x0000023a148c9a20 JavaThread "pool-2-thread-1" [_thread_blocked, id=31136, stack(0x000000c09d000000,0x000000c09d100000)]
  0x0000023a148c7bc0 JavaThread "pool-2-thread-2" [_thread_blocked, id=16160, stack(0x000000c09d100000,0x000000c09d200000)]
  0x0000023a148c4410 JavaThread "pool-2-thread-3" [_thread_blocked, id=356, stack(0x000000c09d200000,0x000000c09d300000)]
  0x0000023a148c3f00 JavaThread "DestroyJavaVM" [_thread_blocked, id=36300, stack(0x000000c09a900000,0x000000c09aa00000)]

Other Threads:
  0x0000023a0f6456d0 VMThread "VM Thread" [stack: 0x000000c09af00000,0x000000c09b000000] [id=25224]
  0x0000023a0f823030 WatcherThread [stack: 0x000000c09ba00000,0x000000c09bb00000] [id=31880]
  0x0000023a736a1360 GCTaskThread "GC Thread#0" [stack: 0x000000c09aa00000,0x000000c09ab00000] [id=30000]
  0x0000023a147cf210 GCTaskThread "GC Thread#1" [stack: 0x000000c09c100000,0x000000c09c200000] [id=23316]
  0x0000023a14775450 GCTaskThread "GC Thread#2" [stack: 0x000000c09c200000,0x000000c09c300000] [id=1788]
  0x0000023a1477db20 GCTaskThread "GC Thread#3" [stack: 0x000000c09c300000,0x000000c09c400000] [id=11192]
  0x0000023a14794660 GCTaskThread "GC Thread#4" [stack: 0x000000c09c400000,0x000000c09c500000] [id=33912]
  0x0000023a147d78d0 GCTaskThread "GC Thread#5" [stack: 0x000000c09c500000,0x000000c09c600000] [id=5080]
  0x0000023a147d7b90 GCTaskThread "GC Thread#6" [stack: 0x000000c09c600000,0x000000c09c700000] [id=31780]
  0x0000023a147d8460 GCTaskThread "GC Thread#7" [stack: 0x000000c09c700000,0x000000c09c800000] [id=9100]
  0x0000023a736b2000 ConcurrentGCThread "G1 Main Marker" [stack: 0x000000c09ab00000,0x000000c09ac00000] [id=380]
  0x0000023a736b31b0 ConcurrentGCThread "G1 Conc#0" [stack: 0x000000c09ac00000,0x000000c09ad00000] [id=17056]
  0x0000023a0f4a1660 ConcurrentGCThread "G1 Refine#0" [stack: 0x000000c09ad00000,0x000000c09ae00000] [id=15516]
  0x0000023a147891b0 ConcurrentGCThread "G1 Refine#1" [stack: 0x000000c09c800000,0x000000c09c900000] [id=10112]
  0x0000023a0f4a40a0 ConcurrentGCThread "G1 Service" [stack: 0x000000c09ae00000,0x000000c09af00000] [id=1868]

Threads with active compile tasks:
C2 CompilerThread0     3554 1673       4       java.lang.invoke.MethodType::makeImpl (109 bytes)

VM state: not at safepoint (normal execution)

VM Mutex/Monitor currently owned by a thread: None

Heap address: 0x0000000081c00000, size: 2020 MB, Compressed Oops mode: 32-bit

CDS archive(s) not mapped
Compressed class space mapped at: 0x0000000100000000-0x0000000140000000, reserved size: 1073741824
Narrow klass base: 0x0000000000000000, Narrow klass shift: 3, Narrow klass range: 0x140000000

GC Precious Log:
 CPUs: 8 total, 8 available
 Memory: 8078M
 Large Page Support: Disabled
 NUMA Support: Disabled
 Compressed Oops: Enabled (32-bit)
 Heap Region Size: 1M
 Heap Min Capacity: 8M
 Heap Initial Capacity: 128M
 Heap Max Capacity: 2020M
 Pre-touch: Disabled
 Parallel Workers: 8
 Concurrent Workers: 2
 Concurrent Refinement Workers: 8
 Periodic GC: Disabled

Heap:
 garbage-first heap   total 131072K, used 23408K [0x0000000081c00000, 0x0000000100000000)
  region size 1024K, 22 young (22528K), 3 survivors (3072K)
 Metaspace       used 21054K, committed 21312K, reserved 1114112K
  class space    used 2310K, committed 2432K, reserved 1048576K

Heap Regions: E=young(eden), S=young(survivor), O=old, HS=humongous(starts), HC=humongous(continues), CS=collection set, F=free, OA=open archive, CA=closed archive, TAMS=top-at-mark-start (previous, next)
|   0|0x0000000081c00000, 0x0000000081d00000, 0x0000000081d00000|100%| O|  |TAMS 0x0000000081c00000, 0x0000000081c00000| Untracked 
|   1|0x0000000081d00000, 0x0000000081ddc200, 0x0000000081e00000| 85%| O|  |TAMS 0x0000000081d00000, 0x0000000081d00000| Untracked 
|   2|0x0000000081e00000, 0x0000000081e00000, 0x0000000081f00000|  0%| F|  |TAMS 0x0000000081e00000, 0x0000000081e00000| Untracked 
|   3|0x0000000081f00000, 0x0000000081f00000, 0x0000000082000000|  0%| F|  |TAMS 0x0000000081f00000, 0x0000000081f00000| Untracked 
|   4|0x0000000082000000, 0x0000000082000000, 0x0000000082100000|  0%| F|  |TAMS 0x0000000082000000, 0x0000000082000000| Untracked 
|   5|0x0000000082100000, 0x0000000082100000, 0x0000000082200000|  0%| F|  |TAMS 0x0000000082100000, 0x0000000082100000| Untracked 
|   6|0x0000000082200000, 0x0000000082200000, 0x0000000082300000|  0%| F|  |TAMS 0x0000000082200000, 0x0000000082200000| Untracked 
|   7|0x0000000082300000, 0x0000000082300000, 0x0000000082400000|  0%| F|  |TAMS 0x0000000082300000, 0x0000000082300000| Untracked 
|   8|0x0000000082400000, 0x0000000082400000, 0x0000000082500000|  0%| F|  |TAMS 0x0000000082400000, 0x0000000082400000| Untracked 
|   9|0x0000000082500000, 0x0000000082500000, 0x0000000082600000|  0%| F|  |TAMS 0x0000000082500000, 0x0000000082500000| Untracked 
|  10|0x0000000082600000, 0x0000000082600000, 0x0000000082700000|  0%| F|  |TAMS 0x0000000082600000, 0x0000000082600000| Untracked 
|  11|0x0000000082700000, 0x0000000082700000, 0x0000000082800000|  0%| F|  |TAMS 0x0000000082700000, 0x0000000082700000| Untracked 
|  12|0x0000000082800000, 0x0000000082800000, 0x0000000082900000|  0%| F|  |TAMS 0x0000000082800000, 0x0000000082800000| Untracked 
|  13|0x0000000082900000, 0x0000000082900000, 0x0000000082a00000|  0%| F|  |TAMS 0x0000000082900000, 0x0000000082900000| Untracked 
|  14|0x0000000082a00000, 0x0000000082a00000, 0x0000000082b00000|  0%| F|  |TAMS 0x0000000082a00000, 0x0000000082a00000| Untracked 
|  15|0x0000000082b00000, 0x0000000082b00000, 0x0000000082c00000|  0%| F|  |TAMS 0x0000000082b00000, 0x0000000082b00000| Untracked 
|  16|0x0000000082c00000, 0x0000000082c00000, 0x0000000082d00000|  0%| F|  |TAMS 0x0000000082c00000, 0x0000000082c00000| Untracked 
|  17|0x0000000082d00000, 0x0000000082d00000, 0x0000000082e00000|  0%| F|  |TAMS 0x0000000082d00000, 0x0000000082d00000| Untracked 
|  18|0x0000000082e00000, 0x0000000082e00000, 0x0000000082f00000|  0%| F|  |TAMS 0x0000000082e00000, 0x0000000082e00000| Untracked 
|  19|0x0000000082f00000, 0x0000000082f00000, 0x0000000083000000|  0%| F|  |TAMS 0x0000000082f00000, 0x0000000082f00000| Untracked 
|  20|0x0000000083000000, 0x0000000083000000, 0x0000000083100000|  0%| F|  |TAMS 0x0000000083000000, 0x0000000083000000| Untracked 
|  21|0x0000000083100000, 0x0000000083100000, 0x0000000083200000|  0%| F|  |TAMS 0x0000000083100000, 0x0000000083100000| Untracked 
|  22|0x0000000083200000, 0x0000000083200000, 0x0000000083300000|  0%| F|  |TAMS 0x0000000083200000, 0x0000000083200000| Untracked 
|  23|0x0000000083300000, 0x0000000083300000, 0x0000000083400000|  0%| F|  |TAMS 0x0000000083300000, 0x0000000083300000| Untracked 
|  24|0x0000000083400000, 0x0000000083400000, 0x0000000083500000|  0%| F|  |TAMS 0x0000000083400000, 0x0000000083400000| Untracked 
|  25|0x0000000083500000, 0x0000000083500000, 0x0000000083600000|  0%| F|  |TAMS 0x0000000083500000, 0x0000000083500000| Untracked 
|  26|0x0000000083600000, 0x0000000083600000, 0x0000000083700000|  0%| F|  |TAMS 0x0000000083600000, 0x0000000083600000| Untracked 
|  27|0x0000000083700000, 0x0000000083700000, 0x0000000083800000|  0%| F|  |TAMS 0x0000000083700000, 0x0000000083700000| Untracked 
|  28|0x0000000083800000, 0x0000000083800000, 0x0000000083900000|  0%| F|  |TAMS 0x0000000083800000, 0x0000000083800000| Untracked 
|  29|0x0000000083900000, 0x0000000083900000, 0x0000000083a00000|  0%| F|  |TAMS 0x0000000083900000, 0x0000000083900000| Untracked 
|  30|0x0000000083a00000, 0x0000000083a00000, 0x0000000083b00000|  0%| F|  |TAMS 0x0000000083a00000, 0x0000000083a00000| Untracked 
|  31|0x0000000083b00000, 0x0000000083b00000, 0x0000000083c00000|  0%| F|  |TAMS 0x0000000083b00000, 0x0000000083b00000| Untracked 
|  32|0x0000000083c00000, 0x0000000083c00000, 0x0000000083d00000|  0%| F|  |TAMS 0x0000000083c00000, 0x0000000083c00000| Untracked 
|  33|0x0000000083d00000, 0x0000000083d00000, 0x0000000083e00000|  0%| F|  |TAMS 0x0000000083d00000, 0x0000000083d00000| Untracked 
|  34|0x0000000083e00000, 0x0000000083e00000, 0x0000000083f00000|  0%| F|  |TAMS 0x0000000083e00000, 0x0000000083e00000| Untracked 
|  35|0x0000000083f00000, 0x0000000083f00000, 0x0000000084000000|  0%| F|  |TAMS 0x0000000083f00000, 0x0000000083f00000| Untracked 
|  36|0x0000000084000000, 0x0000000084000000, 0x0000000084100000|  0%| F|  |TAMS 0x0000000084000000, 0x0000000084000000| Untracked 
|  37|0x0000000084100000, 0x0000000084100000, 0x0000000084200000|  0%| F|  |TAMS 0x0000000084100000, 0x0000000084100000| Untracked 
|  38|0x0000000084200000, 0x0000000084200000, 0x0000000084300000|  0%| F|  |TAMS 0x0000000084200000, 0x0000000084200000| Untracked 
|  39|0x0000000084300000, 0x0000000084300000, 0x0000000084400000|  0%| F|  |TAMS 0x0000000084300000, 0x0000000084300000| Untracked 
|  40|0x0000000084400000, 0x0000000084400000, 0x0000000084500000|  0%| F|  |TAMS 0x0000000084400000, 0x0000000084400000| Untracked 
|  41|0x0000000084500000, 0x0000000084500000, 0x0000000084600000|  0%| F|  |TAMS 0x0000000084500000, 0x0000000084500000| Untracked 
|  42|0x0000000084600000, 0x0000000084600000, 0x0000000084700000|  0%| F|  |TAMS 0x0000000084600000, 0x0000000084600000| Untracked 
|  43|0x0000000084700000, 0x0000000084700000, 0x0000000084800000|  0%| F|  |TAMS 0x0000000084700000, 0x0000000084700000| Untracked 
|  44|0x0000000084800000, 0x0000000084800000, 0x0000000084900000|  0%| F|  |TAMS 0x0000000084800000, 0x0000000084800000| Untracked 
|  45|0x0000000084900000, 0x0000000084900000, 0x0000000084a00000|  0%| F|  |TAMS 0x0000000084900000, 0x0000000084900000| Untracked 
|  46|0x0000000084a00000, 0x0000000084a00000, 0x0000000084b00000|  0%| F|  |TAMS 0x0000000084a00000, 0x0000000084a00000| Untracked 
|  47|0x0000000084b00000, 0x0000000084b00000, 0x0000000084c00000|  0%| F|  |TAMS 0x0000000084b00000, 0x0000000084b00000| Untracked 
|  48|0x0000000084c00000, 0x0000000084c00000, 0x0000000084d00000|  0%| F|  |TAMS 0x0000000084c00000, 0x0000000084c00000| Untracked 
|  49|0x0000000084d00000, 0x0000000084d00000, 0x0000000084e00000|  0%| F|  |TAMS 0x0000000084d00000, 0x0000000084d00000| Untracked 
|  50|0x0000000084e00000, 0x0000000084e00000, 0x0000000084f00000|  0%| F|  |TAMS 0x0000000084e00000, 0x0000000084e00000| Untracked 
|  51|0x0000000084f00000, 0x0000000084f00000, 0x0000000085000000|  0%| F|  |TAMS 0x0000000084f00000, 0x0000000084f00000| Untracked 
|  52|0x0000000085000000, 0x0000000085000000, 0x0000000085100000|  0%| F|  |TAMS 0x0000000085000000, 0x0000000085000000| Untracked 
|  53|0x0000000085100000, 0x0000000085100000, 0x0000000085200000|  0%| F|  |TAMS 0x0000000085100000, 0x0000000085100000| Untracked 
|  54|0x0000000085200000, 0x0000000085200000, 0x0000000085300000|  0%| F|  |TAMS 0x0000000085200000, 0x0000000085200000| Untracked 
|  55|0x0000000085300000, 0x0000000085300000, 0x0000000085400000|  0%| F|  |TAMS 0x0000000085300000, 0x0000000085300000| Untracked 
|  56|0x0000000085400000, 0x0000000085400000, 0x0000000085500000|  0%| F|  |TAMS 0x0000000085400000, 0x0000000085400000| Untracked 
|  57|0x0000000085500000, 0x0000000085500000, 0x0000000085600000|  0%| F|  |TAMS 0x0000000085500000, 0x0000000085500000| Untracked 
|  58|0x0000000085600000, 0x0000000085600000, 0x0000000085700000|  0%| F|  |TAMS 0x0000000085600000, 0x0000000085600000| Untracked 
|  59|0x0000000085700000, 0x0000000085700000, 0x0000000085800000|  0%| F|  |TAMS 0x0000000085700000, 0x0000000085700000| Untracked 
|  60|0x0000000085800000, 0x0000000085800000, 0x0000000085900000|  0%| F|  |TAMS 0x0000000085800000, 0x0000000085800000| Untracked 
|  61|0x0000000085900000, 0x0000000085900000, 0x0000000085a00000|  0%| F|  |TAMS 0x0000000085900000, 0x0000000085900000| Untracked 
|  62|0x0000000085a00000, 0x0000000085a00000, 0x0000000085b00000|  0%| F|  |TAMS 0x0000000085a00000, 0x0000000085a00000| Untracked 
|  63|0x0000000085b00000, 0x0000000085b00000, 0x0000000085c00000|  0%| F|  |TAMS 0x0000000085b00000, 0x0000000085b00000| Untracked 
|  64|0x0000000085c00000, 0x0000000085c00000, 0x0000000085d00000|  0%| F|  |TAMS 0x0000000085c00000, 0x0000000085c00000| Untracked 
|  65|0x0000000085d00000, 0x0000000085d00000, 0x0000000085e00000|  0%| F|  |TAMS 0x0000000085d00000, 0x0000000085d00000| Untracked 
|  66|0x0000000085e00000, 0x0000000085e00000, 0x0000000085f00000|  0%| F|  |TAMS 0x0000000085e00000, 0x0000000085e00000| Untracked 
|  67|0x0000000085f00000, 0x0000000085f00000, 0x0000000086000000|  0%| F|  |TAMS 0x0000000085f00000, 0x0000000085f00000| Untracked 
|  68|0x0000000086000000, 0x0000000086000000, 0x0000000086100000|  0%| F|  |TAMS 0x0000000086000000, 0x0000000086000000| Untracked 
|  69|0x0000000086100000, 0x0000000086100000, 0x0000000086200000|  0%| F|  |TAMS 0x0000000086100000, 0x0000000086100000| Untracked 
|  70|0x0000000086200000, 0x0000000086200000, 0x0000000086300000|  0%| F|  |TAMS 0x0000000086200000, 0x0000000086200000| Untracked 
|  71|0x0000000086300000, 0x0000000086300000, 0x0000000086400000|  0%| F|  |TAMS 0x0000000086300000, 0x0000000086300000| Untracked 
|  72|0x0000000086400000, 0x0000000086400000, 0x0000000086500000|  0%| F|  |TAMS 0x0000000086400000, 0x0000000086400000| Untracked 
|  73|0x0000000086500000, 0x0000000086500000, 0x0000000086600000|  0%| F|  |TAMS 0x0000000086500000, 0x0000000086500000| Untracked 
|  74|0x0000000086600000, 0x0000000086600000, 0x0000000086700000|  0%| F|  |TAMS 0x0000000086600000, 0x0000000086600000| Untracked 
|  75|0x0000000086700000, 0x0000000086700000, 0x0000000086800000|  0%| F|  |TAMS 0x0000000086700000, 0x0000000086700000| Untracked 
|  76|0x0000000086800000, 0x0000000086800000, 0x0000000086900000|  0%| F|  |TAMS 0x0000000086800000, 0x0000000086800000| Untracked 
|  77|0x0000000086900000, 0x0000000086900000, 0x0000000086a00000|  0%| F|  |TAMS 0x0000000086900000, 0x0000000086900000| Untracked 
|  78|0x0000000086a00000, 0x0000000086a00000, 0x0000000086b00000|  0%| F|  |TAMS 0x0000000086a00000, 0x0000000086a00000| Untracked 
|  79|0x0000000086b00000, 0x0000000086b00000, 0x0000000086c00000|  0%| F|  |TAMS 0x0000000086b00000, 0x0000000086b00000| Untracked 
|  80|0x0000000086c00000, 0x0000000086c00000, 0x0000000086d00000|  0%| F|  |TAMS 0x0000000086c00000, 0x0000000086c00000| Untracked 
|  81|0x0000000086d00000, 0x0000000086d00000, 0x0000000086e00000|  0%| F|  |TAMS 0x0000000086d00000, 0x0000000086d00000| Untracked 
|  82|0x0000000086e00000, 0x0000000086e00000, 0x0000000086f00000|  0%| F|  |TAMS 0x0000000086e00000, 0x0000000086e00000| Untracked 
|  83|0x0000000086f00000, 0x0000000086f00000, 0x0000000087000000|  0%| F|  |TAMS 0x0000000086f00000, 0x0000000086f00000| Untracked 
|  84|0x0000000087000000, 0x0000000087000000, 0x0000000087100000|  0%| F|  |TAMS 0x0000000087000000, 0x0000000087000000| Untracked 
|  85|0x0000000087100000, 0x0000000087100000, 0x0000000087200000|  0%| F|  |TAMS 0x0000000087100000, 0x0000000087100000| Untracked 
|  86|0x0000000087200000, 0x0000000087200000, 0x0000000087300000|  0%| F|  |TAMS 0x0000000087200000, 0x0000000087200000| Untracked 
|  87|0x0000000087300000, 0x0000000087300000, 0x0000000087400000|  0%| F|  |TAMS 0x0000000087300000, 0x0000000087300000| Untracked 
|  88|0x0000000087400000, 0x0000000087400000, 0x0000000087500000|  0%| F|  |TAMS 0x0000000087400000, 0x0000000087400000| Untracked 
|  89|0x0000000087500000, 0x0000000087500000, 0x0000000087600000|  0%| F|  |TAMS 0x0000000087500000, 0x0000000087500000| Untracked 
|  90|0x0000000087600000, 0x0000000087600000, 0x0000000087700000|  0%| F|  |TAMS 0x0000000087600000, 0x0000000087600000| Untracked 
|  91|0x0000000087700000, 0x0000000087700000, 0x0000000087800000|  0%| F|  |TAMS 0x0000000087700000, 0x0000000087700000| Untracked 
|  92|0x0000000087800000, 0x0000000087800000, 0x0000000087900000|  0%| F|  |TAMS 0x0000000087800000, 0x0000000087800000| Untracked 
|  93|0x0000000087900000, 0x0000000087900000, 0x0000000087a00000|  0%| F|  |TAMS 0x0000000087900000, 0x0000000087900000| Untracked 
|  94|0x0000000087a00000, 0x0000000087a00000, 0x0000000087b00000|  0%| F|  |TAMS 0x0000000087a00000, 0x0000000087a00000| Untracked 
|  95|0x0000000087b00000, 0x0000000087b00000, 0x0000000087c00000|  0%| F|  |TAMS 0x0000000087b00000, 0x0000000087b00000| Untracked 
|  96|0x0000000087c00000, 0x0000000087c00000, 0x0000000087d00000|  0%| F|  |TAMS 0x0000000087c00000, 0x0000000087c00000| Untracked 
|  97|0x0000000087d00000, 0x0000000087d00000, 0x0000000087e00000|  0%| F|  |TAMS 0x0000000087d00000, 0x0000000087d00000| Untracked 
|  98|0x0000000087e00000, 0x0000000087e00000, 0x0000000087f00000|  0%| F|  |TAMS 0x0000000087e00000, 0x0000000087e00000| Untracked 
|  99|0x0000000087f00000, 0x0000000087f00000, 0x0000000088000000|  0%| F|  |TAMS 0x0000000087f00000, 0x0000000087f00000| Untracked 
| 100|0x0000000088000000, 0x0000000088000000, 0x0000000088100000|  0%| F|  |TAMS 0x0000000088000000, 0x0000000088000000| Untracked 
| 101|0x0000000088100000, 0x0000000088100000, 0x0000000088200000|  0%| F|  |TAMS 0x0000000088100000, 0x0000000088100000| Untracked 
| 102|0x0000000088200000, 0x0000000088300000, 0x0000000088300000|100%| S|CS|TAMS 0x0000000088200000, 0x0000000088200000| Complete 
| 103|0x0000000088300000, 0x0000000088400000, 0x0000000088400000|100%| S|CS|TAMS 0x0000000088300000, 0x0000000088300000| Complete 
| 104|0x0000000088400000, 0x0000000088500000, 0x0000000088500000|100%| S|CS|TAMS 0x0000000088400000, 0x0000000088400000| Complete 
| 105|0x0000000088500000, 0x0000000088500000, 0x0000000088600000|  0%| F|  |TAMS 0x0000000088500000, 0x0000000088500000| Untracked 
| 106|0x0000000088600000, 0x0000000088600000, 0x0000000088700000|  0%| F|  |TAMS 0x0000000088600000, 0x0000000088600000| Untracked 
| 107|0x0000000088700000, 0x0000000088700000, 0x0000000088800000|  0%| F|  |TAMS 0x0000000088700000, 0x0000000088700000| Untracked 
| 108|0x0000000088800000, 0x0000000088800000, 0x0000000088900000|  0%| F|  |TAMS 0x0000000088800000, 0x0000000088800000| Untracked 
| 109|0x0000000088900000, 0x0000000088900800, 0x0000000088a00000|  0%| E|  |TAMS 0x0000000088900000, 0x0000000088900000| Complete 
| 110|0x0000000088a00000, 0x0000000088b00000, 0x0000000088b00000|100%| E|CS|TAMS 0x0000000088a00000, 0x0000000088a00000| Complete 
| 111|0x0000000088b00000, 0x0000000088c00000, 0x0000000088c00000|100%| E|CS|TAMS 0x0000000088b00000, 0x0000000088b00000| Complete 
| 112|0x0000000088c00000, 0x0000000088d00000, 0x0000000088d00000|100%| E|CS|TAMS 0x0000000088c00000, 0x0000000088c00000| Complete 
| 113|0x0000000088d00000, 0x0000000088e00000, 0x0000000088e00000|100%| E|CS|TAMS 0x0000000088d00000, 0x0000000088d00000| Complete 
| 114|0x0000000088e00000, 0x0000000088f00000, 0x0000000088f00000|100%| E|CS|TAMS 0x0000000088e00000, 0x0000000088e00000| Complete 
| 115|0x0000000088f00000, 0x0000000089000000, 0x0000000089000000|100%| E|CS|TAMS 0x0000000088f00000, 0x0000000088f00000| Complete 
| 116|0x0000000089000000, 0x0000000089100000, 0x0000000089100000|100%| E|CS|TAMS 0x0000000089000000, 0x0000000089000000| Complete 
| 117|0x0000000089100000, 0x0000000089200000, 0x0000000089200000|100%| E|CS|TAMS 0x0000000089100000, 0x0000000089100000| Complete 
| 118|0x0000000089200000, 0x0000000089300000, 0x0000000089300000|100%| E|CS|TAMS 0x0000000089200000, 0x0000000089200000| Complete 
| 119|0x0000000089300000, 0x0000000089400000, 0x0000000089400000|100%| E|CS|TAMS 0x0000000089300000, 0x0000000089300000| Complete 
| 120|0x0000000089400000, 0x0000000089500000, 0x0000000089500000|100%| E|CS|TAMS 0x0000000089400000, 0x0000000089400000| Complete 
| 121|0x0000000089500000, 0x0000000089600000, 0x0000000089600000|100%| E|CS|TAMS 0x0000000089500000, 0x0000000089500000| Complete 
| 122|0x0000000089600000, 0x0000000089700000, 0x0000000089700000|100%| E|CS|TAMS 0x0000000089600000, 0x0000000089600000| Complete 
| 123|0x0000000089700000, 0x0000000089800000, 0x0000000089800000|100%| E|CS|TAMS 0x0000000089700000, 0x0000000089700000| Complete 
| 124|0x0000000089800000, 0x0000000089900000, 0x0000000089900000|100%| E|CS|TAMS 0x0000000089800000, 0x0000000089800000| Complete 
| 125|0x0000000089900000, 0x0000000089a00000, 0x0000000089a00000|100%| E|CS|TAMS 0x0000000089900000, 0x0000000089900000| Complete 
| 126|0x0000000089a00000, 0x0000000089b00000, 0x0000000089b00000|100%| E|CS|TAMS 0x0000000089a00000, 0x0000000089a00000| Complete 
| 127|0x0000000089b00000, 0x0000000089c00000, 0x0000000089c00000|100%| E|CS|TAMS 0x0000000089b00000, 0x0000000089b00000| Complete 

Card table byte_map: [0x0000023a79370000,0x0000023a79770000] _byte_map_base: 0x0000023a78f62000

Marking Bits (Prev, Next): (CMBitMap*) 0x0000023a736a1980, (CMBitMap*) 0x0000023a736a19c0
 Prev Bits: [0x0000023a79b70000, 0x0000023a7bb00000)
 Next Bits: [0x0000023a7bb00000, 0x0000023a7da90000)

Polling page: 0x0000023a73700000

Metaspace:

Usage:
  Non-class:     18.31 MB used.
      Class:      2.26 MB used.
       Both:     20.56 MB used.

Virtual space:
  Non-class space:       64.00 MB reserved,      18.44 MB ( 29%) committed,  1 nodes.
      Class space:        1.00 GB reserved,       2.38 MB ( <1%) committed,  1 nodes.
             Both:        1.06 GB reserved,      20.81 MB (  2%) committed. 

Chunk freelists:
   Non-Class:  13.50 MB
       Class:  13.62 MB
        Both:  27.12 MB

MaxMetaspaceSize: unlimited
CompressedClassSpaceSize: 1.00 GB
Initial GC threshold: 21.00 MB
Current GC threshold: 21.00 MB
CDS: off
MetaspaceReclaimPolicy: balanced
 - commit_granule_bytes: 65536.
 - commit_granule_words: 8192.
 - virtual_space_node_default_size: 8388608.
 - enlarge_chunks_in_place: 1.
 - new_chunks_are_fully_committed: 0.
 - uncommit_free_chunks: 1.
 - use_allocation_guard: 0.
 - handle_deallocations: 1.


Internal statistics:

num_allocs_failed_limit: 0.
num_arena_births: 212.
num_arena_deaths: 0.
num_vsnodes_births: 2.
num_vsnodes_deaths: 0.
num_space_committed: 333.
num_space_uncommitted: 0.
num_chunks_returned_to_freelist: 0.
num_chunks_taken_from_freelist: 545.
num_chunk_merges: 0.
num_chunk_splits: 331.
num_chunks_enlarged: 223.
num_inconsistent_stats: 0.

CodeHeap 'non-profiled nmethods': size=120000Kb used=544Kb max_used=544Kb free=119456Kb
 bounds [0x0000023a07ad0000, 0x0000023a07d40000, 0x0000023a0f000000]
CodeHeap 'profiled nmethods': size=120000Kb used=3137Kb max_used=3137Kb free=116862Kb
 bounds [0x0000023a00000000, 0x0000023a00320000, 0x0000023a07530000]
CodeHeap 'non-nmethods': size=5760Kb used=1222Kb max_used=1239Kb free=4537Kb
 bounds [0x0000023a07530000, 0x0000023a077a0000, 0x0000023a07ad0000]
 total_blobs=2253 nmethods=1729 adapters=436
 compilation: enabled
              stopped_count=0, restarted_count=0
 full_count=0

Compilation events (20 events):
Event: 3.422 Thread 0x0000023a0f66dfc0 1725   !   3       java.util.ImmutableCollections$ListItr::next (34 bytes)
Event: 3.422 Thread 0x0000023a0f66dfc0 nmethod 1725 0x0000023a00309d90 code [0x0000023a00309f40, 0x0000023a0030a218]
Event: 3.422 Thread 0x0000023a0f66dfc0 1721   !   3       java.util.jar.JarFile$JarFileEntry::getCodeSigners (81 bytes)
Event: 3.423 Thread 0x0000023a0f66dfc0 nmethod 1721 0x0000023a0030a390 code [0x0000023a0030a5a0, 0x0000023a0030aae8]
Event: 3.423 Thread 0x0000023a0f66dfc0 1723       1       java.net.URI::getScheme (5 bytes)
Event: 3.423 Thread 0x0000023a0f66dfc0 nmethod 1723 0x0000023a07b57110 code [0x0000023a07b572a0, 0x0000023a07b57378]
Event: 3.442 Thread 0x0000023a0f66dfc0 1726       3       java.lang.invoke.VarHandleGuards::guard_LL_V (125 bytes)
Event: 3.446 Thread 0x0000023a0f66dfc0 nmethod 1726 0x0000023a0030ad10 code [0x0000023a0030b160, 0x0000023a0030db18]
Event: 3.447 Thread 0x0000023a0f66dfc0 1727       3       java.util.TreeMap::successor (66 bytes)
Event: 3.447 Thread 0x0000023a0f66dfc0 nmethod 1727 0x0000023a0030e710 code [0x0000023a0030e8e0, 0x0000023a0030ec58]
Event: 3.447 Thread 0x0000023a0f66dfc0 1728       1       java.util.AbstractList$RandomAccessSpliterator::characteristics (4 bytes)
Event: 3.447 Thread 0x0000023a0f66dfc0 nmethod 1728 0x0000023a07b57710 code [0x0000023a07b578a0, 0x0000023a07b57978]
Event: 3.447 Thread 0x0000023a0f66dfc0 1729       1       com.google.common.collect.ImmutableMultimap::asMap (5 bytes)
Event: 3.447 Thread 0x0000023a0f66dfc0 nmethod 1729 0x0000023a07b57a10 code [0x0000023a07b57ba0, 0x0000023a07b57c78]
Event: 3.447 Thread 0x0000023a0f66dfc0 1731       1       java.util.stream.FindOps$FindOp::getOpFlags (5 bytes)
Event: 3.447 Thread 0x0000023a0f66dfc0 nmethod 1731 0x0000023a07b57d10 code [0x0000023a07b57ea0, 0x0000023a07b57f78]
Event: 3.449 Thread 0x0000023a0f66dfc0 1732       3       java.util.Arrays::copyOfRange (90 bytes)
Event: 3.450 Thread 0x0000023a0f66dfc0 nmethod 1732 0x0000023a0030ed90 code [0x0000023a0030f040, 0x0000023a0030fcf8]
Event: 3.451 Thread 0x0000023a0f66dfc0 1733       3       java.lang.invoke.LambdaFormEditor$TransformKey::packedBytes (32 bytes)
Event: 3.451 Thread 0x0000023a0f66dfc0 nmethod 1733 0x0000023a00310110 code [0x0000023a003102a0, 0x0000023a003103b8]

GC Heap History (2 events):
Event: 1.331 GC heap before
{Heap before GC invocations=0 (full 0):
 garbage-first heap   total 131072K, used 23552K [0x0000000081c00000, 0x0000000100000000)
  region size 1024K, 23 young (23552K), 0 survivors (0K)
 Metaspace       used 16475K, committed 16640K, reserved 1114112K
  class space    used 1688K, committed 1792K, reserved 1048576K
}
Event: 1.341 GC heap after
{Heap after GC invocations=1 (full 0):
 garbage-first heap   total 131072K, used 4976K [0x0000000081c00000, 0x0000000100000000)
  region size 1024K, 3 young (3072K), 3 survivors (3072K)
 Metaspace       used 16475K, committed 16640K, reserved 1114112K
  class space    used 1688K, committed 1792K, reserved 1048576K
}

Dll operation events (6 events):
Event: 0.008 Loaded shared library C:\Users\sweek\Downloads\eclipse-java-2023-09-R-win32-x86_64\eclipse\plugins\org.eclipse.justj.openjdk.hotspot.jre.full.win32.x86_64_17.0.8.v20230831-1047\jre\bin\java.dll
Event: 0.156 Loaded shared library C:\Users\sweek\Downloads\eclipse-java-2023-09-R-win32-x86_64\eclipse\plugins\org.eclipse.justj.openjdk.hotspot.jre.full.win32.x86_64_17.0.8.v20230831-1047\jre\bin\net.dll
Event: 0.158 Loaded shared library C:\Users\sweek\Downloads\eclipse-java-2023-09-R-win32-x86_64\eclipse\plugins\org.eclipse.justj.openjdk.hotspot.jre.full.win32.x86_64_17.0.8.v20230831-1047\jre\bin\nio.dll
Event: 0.166 Loaded shared library C:\Users\sweek\Downloads\eclipse-java-2023-09-R-win32-x86_64\eclipse\plugins\org.eclipse.justj.openjdk.hotspot.jre.full.win32.x86_64_17.0.8.v20230831-1047\jre\bin\zip.dll
Event: 0.267 Loaded shared library C:\Users\sweek\Downloads\eclipse-java-2023-09-R-win32-x86_64\eclipse\plugins\org.eclipse.justj.openjdk.hotspot.jre.full.win32.x86_64_17.0.8.v20230831-1047\jre\bin\jimage.dll
Event: 1.027 Loaded shared library C:\Users\sweek\Downloads\eclipse-java-2023-09-R-win32-x86_64\eclipse\plugins\org.eclipse.justj.openjdk.hotspot.jre.full.win32.x86_64_17.0.8.v20230831-1047\jre\bin\sunmscapi.dll

Deoptimization events (20 events):
Event: 1.145 Thread 0x0000023a73644d10 DEOPT PACKING pc=0x0000023a0018d03e sp=0x000000c09a9fcbc0
Event: 1.145 Thread 0x0000023a73644d10 DEOPT UNPACKING pc=0x0000023a07587143 sp=0x000000c09a9fc040 mode 0
Event: 1.146 Thread 0x0000023a73644d10 DEOPT PACKING pc=0x0000023a0018d03e sp=0x000000c09a9fcbe0
Event: 1.146 Thread 0x0000023a73644d10 DEOPT UNPACKING pc=0x0000023a07587143 sp=0x000000c09a9fc060 mode 0
Event: 1.221 Thread 0x0000023a73644d10 Uncommon trap: trap_request=0xffffff45 fr.pc=0x0000023a07b286f4 relative=0x0000000000000074
Event: 1.221 Thread 0x0000023a73644d10 Uncommon trap: reason=unstable_if action=reinterpret pc=0x0000023a07b286f4 method=jdk.internal.misc.Unsafe.convEndian(ZI)I @ 4 c2
Event: 1.221 Thread 0x0000023a73644d10 DEOPT PACKING pc=0x0000023a07b286f4 sp=0x000000c09a9fde80
Event: 1.221 Thread 0x0000023a73644d10 DEOPT UNPACKING pc=0x0000023a075869a3 sp=0x000000c09a9fddb0 mode 2
Event: 1.501 Thread 0x0000023a73644d10 DEOPT PACKING pc=0x0000023a000dcbc7 sp=0x000000c09a9f8d40
Event: 1.501 Thread 0x0000023a73644d10 DEOPT UNPACKING pc=0x0000023a07587143 sp=0x000000c09a9f81a0 mode 0
Event: 1.604 Thread 0x0000023a0f6b4fd0 Uncommon trap: trap_request=0xffffff45 fr.pc=0x0000023a07b28f3c relative=0x000000000000027c
Event: 1.604 Thread 0x0000023a0f6b4fd0 Uncommon trap: reason=unstable_if action=reinterpret pc=0x0000023a07b28f3c method=java.lang.invoke.VarHandle.checkExactAccessMode(Ljava/lang/invoke/VarHandle$AccessDescriptor;)V @ 4 c2
Event: 1.604 Thread 0x0000023a0f6b4fd0 DEOPT PACKING pc=0x0000023a07b28f3c sp=0x000000c09bdff3f0
Event: 1.604 Thread 0x0000023a0f6b4fd0 DEOPT UNPACKING pc=0x0000023a075869a3 sp=0x000000c09bdff360 mode 2
Event: 3.208 Thread 0x0000023a73644d10 Uncommon trap: trap_request=0xffffffde fr.pc=0x0000023a07b2339c relative=0x000000000000041c
Event: 3.208 Thread 0x0000023a73644d10 Uncommon trap: reason=class_check action=maybe_recompile pc=0x0000023a07b2339c method=java.util.HashMap.putVal(ILjava/lang/Object;Ljava/lang/Object;ZZ)Ljava/lang/Object; @ 253 c2
Event: 3.208 Thread 0x0000023a73644d10 DEOPT PACKING pc=0x0000023a07b2339c sp=0x000000c09a9fe560
Event: 3.208 Thread 0x0000023a73644d10 DEOPT UNPACKING pc=0x0000023a075869a3 sp=0x000000c09a9fe4f0 mode 2
Event: 3.226 Thread 0x0000023a73644d10 DEOPT PACKING pc=0x0000023a0023f1e9 sp=0x000000c09a9fdd00
Event: 3.226 Thread 0x0000023a73644d10 DEOPT UNPACKING pc=0x0000023a07587143 sp=0x000000c09a9fd210 mode 0

Classes unloaded (0 events):
No events

Classes redefined (0 events):
No events

Internal exceptions (20 events):
Event: 1.071 Thread 0x0000023a73644d10 Exception <a 'java/lang/IncompatibleClassChangeError'{0x00000000890bc4e8}: Found class java.lang.Object, but interface was expected> (0x00000000890bc4e8) 
thrown [s\src\hotspot\share\interpreter\linkResolver.cpp, line 826]
Event: 1.163 Thread 0x0000023a73644d10 Exception <a 'java/lang/NoSuchMethodError'{0x0000000088ab1180}: 'java.lang.Object java.lang.invoke.DirectMethodHandle$Holder.invokeStaticInit(java.lang.Object, int, int, int, int)'> (0x0000000088ab1180) 
thrown [s\src\hotspot\share\interpreter\linkResolver.cpp, line 759]
Event: 1.218 Thread 0x0000023a73644d10 Exception <a 'java/lang/NoSuchMethodError'{0x000000008897abc0}: 'java.lang.Object java.lang.invoke.DirectMethodHandle$Holder.invokeStaticInit(java.lang.Object, java.lang.Object, int, int, int, int)'> (0x000000008897abc0) 
thrown [s\src\hotspot\share\interpreter\linkResolver.cpp, line 759]
Event: 1.306 Thread 0x0000023a73644d10 Exception <a 'java/lang/NoSuchMethodError'{0x0000000088691fd0}: 'java.lang.Object java.lang.invoke.DirectMethodHandle$Holder.invokeInterface(java.lang.Object, java.lang.Object, java.lang.Object)'> (0x0000000088691fd0) 
thrown [s\src\hotspot\share\interpreter\linkResolver.cpp, line 759]
Event: 1.307 Thread 0x0000023a73644d10 Exception <a 'java/lang/IncompatibleClassChangeError'{0x0000000088695698}: Found class java.lang.Object, but interface was expected> (0x0000000088695698) 
thrown [s\src\hotspot\share\interpreter\linkResolver.cpp, line 826]
Event: 1.307 Thread 0x0000023a73644d10 Exception <a 'java/lang/NoSuchMethodError'{0x000000008869d898}: 'int java.lang.invoke.DirectMethodHandle$Holder.invokeSpecialIFC(java.lang.Object, java.lang.Object, java.lang.Object, java.lang.Object)'> (0x000000008869d898) 
thrown [s\src\hotspot\share\interpreter\linkResolver.cpp, line 759]
Event: 1.316 Thread 0x0000023a73644d10 Exception <a 'java/lang/NoSuchMethodError'{0x00000000885090f0}: 'java.lang.Object java.lang.invoke.DirectMethodHandle$Holder.invokeVirtual(java.lang.Object, java.lang.Object, java.lang.Object, java.lang.Object)'> (0x00000000885090f0) 
thrown [s\src\hotspot\share\interpreter\linkResolver.cpp, line 759]
Event: 1.356 Thread 0x0000023a0f6b6920 Exception <a 'java/net/ConnectException'{0x0000000089b9db28}: Connection refused: no further information> (0x0000000089b9db28) 
thrown [s\src\hotspot\share\prims\jni.cpp, line 535]
Event: 1.356 Thread 0x0000023a0f6b6920 Exception <a 'java/net/SocketException'{0x0000000089b9de60}: Socket is not connected: shutdown> (0x0000000089b9de60) 
thrown [s\src\hotspot\share\prims\jni.cpp, line 535]
Event: 1.369 Thread 0x0000023a0f6b6920 Exception <a 'java/net/ConnectException'{0x0000000089b9ee58}: Connection refused: no further information> (0x0000000089b9ee58) 
thrown [s\src\hotspot\share\prims\jni.cpp, line 535]
Event: 1.369 Thread 0x0000023a0f6b6920 Exception <a 'java/net/SocketException'{0x0000000089b9f190}: Socket is not connected: shutdown> (0x0000000089b9f190) 
thrown [s\src\hotspot\share\prims\jni.cpp, line 535]
Event: 1.442 Thread 0x0000023a73644d10 Exception <a 'java/lang/NoSuchMethodError'{0x0000000089ae70b0}: 'java.lang.Object java.lang.invoke.DirectMethodHandle$Holder.newInvokeSpecial(java.lang.Object, java.lang.Object, int, int)'> (0x0000000089ae70b0) 
thrown [s\src\hotspot\share\interpreter\linkResolver.cpp, line 759]
Event: 1.444 Thread 0x0000023a73644d10 Exception <a 'java/lang/NoSuchMethodError'{0x0000000089af1ef0}: 'void java.lang.invoke.DirectMethodHandle$Holder.invokeStatic(java.lang.Object, java.lang.Object, int)'> (0x0000000089af1ef0) 
thrown [s\src\hotspot\share\interpreter\linkResolver.cpp, line 759]
Event: 1.468 Thread 0x0000023a73644d10 Exception <a 'java/lang/NoSuchMethodError'{0x00000000899f7758}: 'java.lang.Object java.lang.invoke.DirectMethodHandle$Holder.newInvokeSpecial(java.lang.Object, java.lang.Object, java.lang.Object, java.lang.Object, java.lang.Object)'> (0x00000000899f7758) 
thrown [s\src\hotspot\share\interpreter\linkResolver.cpp, line 759]
Event: 1.534 Thread 0x0000023a73644d10 Exception <a 'java/lang/NoSuchMethodError'{0x0000000089656f10}: 'void java.lang.invoke.DirectMethodHandle$Holder.invokeSpecial(java.lang.Object, java.lang.Object, java.lang.Object)'> (0x0000000089656f10) 
thrown [s\src\hotspot\share\interpreter\linkResolver.cpp, line 759]
Event: 1.570 Thread 0x0000023a0f6b7850 Exception <a 'java/lang/NoSuchMethodError'{0x0000000089489530}: 'java.lang.Object java.lang.invoke.DirectMethodHandle$Holder.invokeSpecial(java.lang.Object, java.lang.Object, java.lang.Object, java.lang.Object, int)'> (0x0000000089489530) 
thrown [s\src\hotspot\share\interpreter\linkResolver.cpp, line 759]
Event: 1.570 Thread 0x0000023a0f6b7850 Exception <a 'java/lang/NoSuchMethodError'{0x000000008948d0f8}: 'java.lang.Object java.lang.invoke.Invokers$Holder.linkToTargetMethod(java.lang.Object, java.lang.Object, int, java.lang.Object)'> (0x000000008948d0f8) 
thrown [s\src\hotspot\share\interpreter\linkResolver.cpp, line 759]
Event: 1.594 Thread 0x0000023a0f6b7850 Exception <a 'java/lang/NoSuchMethodError'{0x00000000893d9c28}: 'void java.lang.invoke.DirectMethodHandle$Holder.invokeSpecial(java.lang.Object, java.lang.Object, java.lang.Object, java.lang.Object, java.lang.Object)'> (0x00000000893d9c28) 
thrown [s\src\hotspot\share\interpreter\linkResolver.cpp, line 759]
Event: 3.136 Thread 0x0000023a0f6b7850 Exception <a 'java/lang/NoSuchMethodError'{0x00000000891957a8}: 'void java.lang.invoke.DirectMethodHandle$Holder.invokeSpecial(java.lang.Object, java.lang.Object, java.lang.Object, java.lang.Object, java.lang.Object, java.lang.Object, java.lang.Object)'> (0x00000000891957a8) 
thrown [s\src\hotspot\share\interpreter\linkResolver.cpp, line 759]
Event: 3.201 Thread 0x0000023a73644d10 Exception <a 'java/lang/NoSuchMethodError'{0x0000000088f55670}: 'java.lang.Object java.lang.invoke.DirectMethodHandle$Holder.invokeSpecialIFC(java.lang.Object, java.lang.Object, java.lang.Object)'> (0x0000000088f55670) 
thrown [s\src\hotspot\share\interpreter\linkResolver.cpp, line 759]

VM Operations (20 events):
Event: 0.406 Executing VM operation: HandshakeAllThreads
Event: 0.406 Executing VM operation: HandshakeAllThreads done
Event: 0.955 Executing VM operation: HandshakeAllThreads
Event: 0.955 Executing VM operation: HandshakeAllThreads done
Event: 1.009 Executing VM operation: HandshakeAllThreads
Event: 1.009 Executing VM operation: HandshakeAllThreads done
Event: 1.228 Executing VM operation: HandshakeAllThreads
Event: 1.228 Executing VM operation: HandshakeAllThreads done
Event: 1.228 Executing VM operation: Cleanup
Event: 1.228 Executing VM operation: Cleanup done
Event: 1.331 Executing VM operation: G1CollectForAllocation
Event: 1.341 Executing VM operation: G1CollectForAllocation done
Event: 1.403 Executing VM operation: HandshakeAllThreads
Event: 1.403 Executing VM operation: HandshakeAllThreads done
Event: 1.405 Executing VM operation: HandshakeAllThreads
Event: 1.405 Executing VM operation: HandshakeAllThreads done
Event: 2.405 Executing VM operation: Cleanup
Event: 2.405 Executing VM operation: Cleanup done
Event: 3.122 Executing VM operation: HandshakeAllThreads
Event: 3.122 Executing VM operation: HandshakeAllThreads done

Events (20 events):
Event: 3.263 loading class sun/net/www/HeaderParser
Event: 3.264 loading class sun/net/www/HeaderParser done
Event: 3.382 loading class java/util/ServiceConfigurationError
Event: 3.382 loading class java/util/ServiceConfigurationError done
Event: 3.445 loading class java/lang/Throwable$WrappedPrintStream
Event: 3.445 loading class java/lang/Throwable$PrintStreamOrWriter
Event: 3.445 loading class java/lang/Throwable$PrintStreamOrWriter done
Event: 3.445 loading class java/lang/Throwable$WrappedPrintStream done
Event: 3.448 loading class java/util/stream/ReduceOps$2
Event: 3.448 loading class java/util/stream/ReduceOps$2 done
Event: 3.448 loading class java/util/stream/ReduceOps$2ReducingSink
Event: 3.448 loading class java/util/stream/ReduceOps$2ReducingSink done
Event: 3.449 loading class java/util/concurrent/ConcurrentHashMap$EntrySpliterator
Event: 3.449 loading class java/util/concurrent/ConcurrentHashMap$EntrySpliterator done
Event: 3.452 loading class java/util/IdentityHashMap$KeyIterator
Event: 3.452 loading class java/util/IdentityHashMap$IdentityHashMapIterator
Event: 3.452 loading class java/util/IdentityHashMap$IdentityHashMapIterator done
Event: 3.452 loading class java/util/IdentityHashMap$KeyIterator done
Event: 3.452 Thread 0x0000023a73644d10 Thread exited: 0x0000023a73644d10
Event: 3.453 Thread 0x0000023a148c3f00 Thread added: 0x0000023a148c3f00


Dynamic libraries:
0x00007ff694200000 - 0x00007ff69420e000 	C:\Users\sweek\Downloads\eclipse-java-2023-09-R-win32-x86_64\eclipse\plugins\org.eclipse.justj.openjdk.hotspot.jre.full.win32.x86_64_17.0.8.v20230831-1047\jre\bin\javaw.exe
0x00007ffc29870000 - 0x00007ffc29a68000 	C:\Windows\SYSTEM32\ntdll.dll
0x00007ffc0a2c0000 - 0x00007ffc0a2d9000 	C:\Program Files\Avast Software\Avast\aswhook.dll
0x00007ffc289d0000 - 0x00007ffc28a8d000 	C:\Windows\System32\KERNEL32.DLL
0x00007ffc27440000 - 0x00007ffc27736000 	C:\Windows\System32\KERNELBASE.dll
0x00007ffc277d0000 - 0x00007ffc278d0000 	C:\Windows\System32\ucrtbase.dll
0x00007ffc20630000 - 0x00007ffc20647000 	C:\Users\sweek\Downloads\eclipse-java-2023-09-R-win32-x86_64\eclipse\plugins\org.eclipse.justj.openjdk.hotspot.jre.full.win32.x86_64_17.0.8.v20230831-1047\jre\bin\jli.dll
0x00007ffc20610000 - 0x00007ffc20629000 	C:\Users\sweek\Downloads\eclipse-java-2023-09-R-win32-x86_64\eclipse\plugins\org.eclipse.justj.openjdk.hotspot.jre.full.win32.x86_64_17.0.8.v20230831-1047\jre\bin\VCRUNTIME140.dll
0x00007ffc27c30000 - 0x00007ffc27dce000 	C:\Windows\System32\USER32.dll
0x00007ffc126a0000 - 0x00007ffc1293a000 	C:\Windows\WinSxS\amd64_microsoft.windows.common-controls_6595b64144ccf1df_6.0.19041.3636_none_60b6a03d71f818d5\COMCTL32.dll
0x00007ffc27410000 - 0x00007ffc27432000 	C:\Windows\System32\win32u.dll
0x00007ffc29320000 - 0x00007ffc293be000 	C:\Windows\System32\msvcrt.dll
0x00007ffc27dd0000 - 0x00007ffc27dfc000 	C:\Windows\System32\GDI32.dll
0x00007ffc270b0000 - 0x00007ffc271ca000 	C:\Windows\System32\gdi32full.dll
0x00007ffc27010000 - 0x00007ffc270ad000 	C:\Windows\System32\msvcp_win.dll
0x00007ffc28170000 - 0x00007ffc281a0000 	C:\Windows\System32\IMM32.DLL
0x00007ffc1e880000 - 0x00007ffc1e88c000 	C:\Users\sweek\Downloads\eclipse-java-2023-09-R-win32-x86_64\eclipse\plugins\org.eclipse.justj.openjdk.hotspot.jre.full.win32.x86_64_17.0.8.v20230831-1047\jre\bin\vcruntime140_1.dll
0x00007ffbeb510000 - 0x00007ffbeb5a1000 	C:\Users\sweek\Downloads\eclipse-java-2023-09-R-win32-x86_64\eclipse\plugins\org.eclipse.justj.openjdk.hotspot.jre.full.win32.x86_64_17.0.8.v20230831-1047\jre\bin\msvcp140.dll
0x00007ffb9ac70000 - 0x00007ffb9b8bc000 	C:\Users\sweek\Downloads\eclipse-java-2023-09-R-win32-x86_64\eclipse\plugins\org.eclipse.justj.openjdk.hotspot.jre.full.win32.x86_64_17.0.8.v20230831-1047\jre\bin\server\jvm.dll
0x00007ffc281a0000 - 0x00007ffc2824f000 	C:\Windows\System32\ADVAPI32.dll
0x00007ffc27af0000 - 0x00007ffc27b8c000 	C:\Windows\System32\sechost.dll
0x00007ffc283a0000 - 0x00007ffc284c6000 	C:\Windows\System32\RPCRT4.dll
0x00007ffc14260000 - 0x00007ffc14269000 	C:\Windows\SYSTEM32\WSOCK32.dll
0x00007ffc26500000 - 0x00007ffc2654b000 	C:\Windows\SYSTEM32\POWRPROF.dll
0x00007ffc12940000 - 0x00007ffc12967000 	C:\Windows\SYSTEM32\WINMM.dll
0x00007ffc17930000 - 0x00007ffc1793a000 	C:\Windows\SYSTEM32\VERSION.dll
0x00007ffc28250000 - 0x00007ffc282bb000 	C:\Windows\System32\WS2_32.dll
0x00007ffc26370000 - 0x00007ffc26382000 	C:\Windows\SYSTEM32\UMPDC.dll
0x00007ffc24e60000 - 0x00007ffc24e72000 	C:\Windows\SYSTEM32\kernel.appcore.dll
0x00007ffc1e850000 - 0x00007ffc1e85a000 	C:\Users\sweek\Downloads\eclipse-java-2023-09-R-win32-x86_64\eclipse\plugins\org.eclipse.justj.openjdk.hotspot.jre.full.win32.x86_64_17.0.8.v20230831-1047\jre\bin\jimage.dll
0x00007ffc24700000 - 0x00007ffc248e4000 	C:\Windows\SYSTEM32\DBGHELP.DLL
0x00007ffc170b0000 - 0x00007ffc170e4000 	C:\Windows\SYSTEM32\dbgcore.DLL
0x00007ffc27740000 - 0x00007ffc277c2000 	C:\Windows\System32\bcryptPrimitives.dll
0x00007ffc1dd50000 - 0x00007ffc1dd75000 	C:\Users\sweek\Downloads\eclipse-java-2023-09-R-win32-x86_64\eclipse\plugins\org.eclipse.justj.openjdk.hotspot.jre.full.win32.x86_64_17.0.8.v20230831-1047\jre\bin\java.dll
0x00007ffc1dcf0000 - 0x00007ffc1dd08000 	C:\Users\sweek\Downloads\eclipse-java-2023-09-R-win32-x86_64\eclipse\plugins\org.eclipse.justj.openjdk.hotspot.jre.full.win32.x86_64_17.0.8.v20230831-1047\jre\bin\zip.dll
0x00007ffc28bd0000 - 0x00007ffc29315000 	C:\Windows\System32\SHELL32.dll
0x00007ffc25010000 - 0x00007ffc257ab000 	C:\Windows\SYSTEM32\windows.storage.dll
0x00007ffc28530000 - 0x00007ffc28884000 	C:\Windows\System32\combase.dll
0x00007ffc26990000 - 0x00007ffc269bd000 	C:\Windows\SYSTEM32\Wldp.dll
0x00007ffc27e10000 - 0x00007ffc27ebd000 	C:\Windows\System32\SHCORE.dll
0x00007ffc27a90000 - 0x00007ffc27ae5000 	C:\Windows\System32\shlwapi.dll
0x00007ffc26e80000 - 0x00007ffc26ea5000 	C:\Windows\SYSTEM32\profapi.dll
0x00007ffc1e890000 - 0x00007ffc1e8a9000 	C:\Users\sweek\Downloads\eclipse-java-2023-09-R-win32-x86_64\eclipse\plugins\org.eclipse.justj.openjdk.hotspot.jre.full.win32.x86_64_17.0.8.v20230831-1047\jre\bin\net.dll
0x00007ffc1cab0000 - 0x00007ffc1cbba000 	C:\Windows\SYSTEM32\WINHTTP.dll
0x00007ffc266f0000 - 0x00007ffc2675a000 	C:\Windows\system32\mswsock.dll
0x00007ffc1dcd0000 - 0x00007ffc1dce5000 	C:\Users\sweek\Downloads\eclipse-java-2023-09-R-win32-x86_64\eclipse\plugins\org.eclipse.justj.openjdk.hotspot.jre.full.win32.x86_64_17.0.8.v20230831-1047\jre\bin\nio.dll
0x00007ffc263d0000 - 0x00007ffc2649a000 	C:\Windows\SYSTEM32\DNSAPI.dll
0x00007ffc26390000 - 0x00007ffc263cb000 	C:\Windows\SYSTEM32\IPHLPAPI.DLL
0x00007ffc27a80000 - 0x00007ffc27a88000 	C:\Windows\System32\NSI.dll
0x00007ffc1efb0000 - 0x00007ffc1efba000 	C:\Windows\System32\rasadhlp.dll
0x00007ffc17990000 - 0x00007ffc17a10000 	C:\Windows\System32\fwpuclnt.dll
0x00007ffc273e0000 - 0x00007ffc27407000 	C:\Windows\System32\bcrypt.dll
0x00007ffc23690000 - 0x00007ffc2369e000 	C:\Users\sweek\Downloads\eclipse-java-2023-09-R-win32-x86_64\eclipse\plugins\org.eclipse.justj.openjdk.hotspot.jre.full.win32.x86_64_17.0.8.v20230831-1047\jre\bin\sunmscapi.dll
0x00007ffc27280000 - 0x00007ffc273dd000 	C:\Windows\System32\CRYPT32.dll
0x00007ffc26a00000 - 0x00007ffc26a27000 	C:\Windows\SYSTEM32\ncrypt.dll
0x00007ffc269c0000 - 0x00007ffc269fb000 	C:\Windows\SYSTEM32\NTASN1.dll
0x00007ffc268f0000 - 0x00007ffc26908000 	C:\Windows\SYSTEM32\CRYPTSP.dll
0x00007ffc25fb0000 - 0x00007ffc25fe4000 	C:\Windows\system32\rsaenh.dll
0x00007ffc26e00000 - 0x00007ffc26e2e000 	C:\Windows\SYSTEM32\USERENV.dll
0x00007ffc268e0000 - 0x00007ffc268ec000 	C:\Windows\SYSTEM32\CRYPTBASE.dll
0x00007ffc1d580000 - 0x00007ffc1d597000 	C:\Windows\SYSTEM32\dhcpcsvc6.DLL
0x00007ffc1ef10000 - 0x00007ffc1ef2d000 	C:\Windows\SYSTEM32\dhcpcsvc.DLL
0x00007ffc20660000 - 0x00007ffc20667000 	C:\Windows\system32\wshunix.dll

dbghelp: loaded successfully - version: 4.0.5 - missing functions: none
symbol engine: initialized successfully - sym options: 0x614 - pdb path: .;C:\Users\sweek\Downloads\eclipse-java-2023-09-R-win32-x86_64\eclipse\plugins\org.eclipse.justj.openjdk.hotspot.jre.full.win32.x86_64_17.0.8.v20230831-1047\jre\bin;C:\Windows\SYSTEM32;C:\Program Files\Avast Software\Avast;C:\Windows\WinSxS\amd64_microsoft.windows.common-controls_6595b64144ccf1df_6.0.19041.3636_none_60b6a03d71f818d5;C:\Users\sweek\Downloads\eclipse-java-2023-09-R-win32-x86_64\eclipse\plugins\org.eclipse.justj.openjdk.hotspot.jre.full.win32.x86_64_17.0.8.v20230831-1047\jre\bin\server

VM Arguments:
jvm_args: -Dfile.encoding=UTF-8 -Dstdout.encoding=UTF-8 -Dstderr.encoding=UTF-8 -XX:+ShowCodeDetailsInExceptionMessages 
java_command: actionsandrobotclass.MouseOverDemo
java_class_path (initial): C:\Users\sweek\Desktop\Selenium StarAgile\MavenSelenium\target\test-classes;C:\Users\sweek\Desktop\Selenium StarAgile\MavenSelenium\target\classes;C:\Users\sweek\.m2\repository\org\seleniumhq\selenium\selenium-java\4.16.1\selenium-java-4.16.1.jar;C:\Users\sweek\.m2\repository\org\seleniumhq\selenium\selenium-api\4.16.1\selenium-api-4.16.1.jar;C:\Users\sweek\.m2\repository\org\seleniumhq\selenium\selenium-chrome-driver\4.16.1\selenium-chrome-driver-4.16.1.jar;C:\Users\sweek\.m2\repository\com\google\auto\service\auto-service-annotations\1.1.1\auto-service-annotations-1.1.1.jar;C:\Users\sweek\.m2\repository\org\seleniumhq\selenium\selenium-chromium-driver\4.16.1\selenium-chromium-driver-4.16.1.jar;C:\Users\sweek\.m2\repository\org\seleniumhq\selenium\selenium-json\4.16.1\selenium-json-4.16.1.jar;C:\Users\sweek\.m2\repository\org\seleniumhq\selenium\selenium-manager\4.16.1\selenium-manager-4.16.1.jar;C:\Users\sweek\.m2\repository\org\seleniumhq\selenium\selenium-devtools-v118\4.16.1\selenium-devtools-v118-4.16.1.jar;C:\Users\sweek\.m2\repository\org\seleniumhq\selenium\selenium-devtools-v119\4.16.1\selenium-devtools-v119-4.16.1.jar;C:\Users\sweek\.m2\repository\org\seleniumhq\selenium\selenium-devtools-v120\4.16.1\selenium-devtools-v120-4.16.1.jar;C:\Users\sweek\.m2\repository\org\seleniumhq\selenium\selenium-devtools-v85\4.16.1\selenium-devtools-v85-4.16.1.jar;C:\Users\sweek\.m2\repository\org\seleniumhq\selenium\selenium-edge-driver\4.16.1\selenium-edge-driver-4.16.1.jar;C:\Users\sweek\.m2\repository\org\seleniumhq\selenium\selenium-firefox-driver\4.16.1\selenium-firefox-driver-4.16.1.jar;C:\Users\sweek\.m2\repository\org\seleniumhq\selenium\selenium-http\4.16.1\selenium-http-4.16.1.jar;C:\Users\sweek\.m2\repository\dev\failsafe\failsafe\3.3.2\failsafe-3.3.2.jar;C:\Users\sweek\.m2\repository\org\seleniumhq\selenium\selenium-ie-driver\4.16.1\selenium-ie-driver-4.16.1.jar;C:\Users\sweek\.m2\repository\org\seleniumhq\selenium\selenium-remote
Launcher Type: SUN_STANDARD

[Global flags]
     intx CICompilerCount                          = 4                                         {product} {ergonomic}
     uint ConcGCThreads                            = 2                                         {product} {ergonomic}
     uint G1ConcRefinementThreads                  = 8                                         {product} {ergonomic}
   size_t G1HeapRegionSize                         = 1048576                                   {product} {ergonomic}
    uintx GCDrainStackTargetSize                   = 64                                        {product} {ergonomic}
   size_t InitialHeapSize                          = 134217728                                 {product} {ergonomic}
   size_t MarkStackSize                            = 4194304                                   {product} {ergonomic}
   size_t MaxHeapSize                              = 2118123520                                {product} {ergonomic}
   size_t MaxNewSize                               = 1270874112                                {product} {ergonomic}
   size_t MinHeapDeltaBytes                        = 1048576                                   {product} {ergonomic}
   size_t MinHeapSize                              = 8388608                                   {product} {ergonomic}
    uintx NonNMethodCodeHeapSize                   = 5839372                                {pd product} {ergonomic}
    uintx NonProfiledCodeHeapSize                  = 122909434                              {pd product} {ergonomic}
    uintx ProfiledCodeHeapSize                     = 122909434                              {pd product} {ergonomic}
    uintx ReservedCodeCacheSize                    = 251658240                              {pd product} {ergonomic}
     bool SegmentedCodeCache                       = true                                      {product} {ergonomic}
     bool ShowCodeDetailsInExceptionMessages       = true                                   {manageable} {command line}
   size_t SoftMaxHeapSize                          = 2118123520                             {manageable} {ergonomic}
     bool UseCompressedClassPointers               = true                           {product lp64_product} {ergonomic}
     bool UseCompressedOops                        = true                           {product lp64_product} {ergonomic}
     bool UseG1GC                                  = true                                      {product} {ergonomic}
     bool UseLargePagesIndividualAllocation        = false                                  {pd product} {ergonomic}

Logging:
Log output configuration:
 #0: stdout all=warning uptime,level,tags
 #1: stderr all=off uptime,level,tags

Environment Variables:
JAVA_HOME=C:\Program Files\Java\jdk-17
PATH=C:/Users/sweek/Downloads/eclipse-java-2023-09-R-win32-x86_64/eclipse//plugins/org.eclipse.justj.openjdk.hotspot.jre.full.win32.x86_64_17.0.8.v20230831-1047/jre/bin/server;C:/Users/sweek/Downloads/eclipse-java-2023-09-R-win32-x86_64/eclipse//plugins/org.eclipse.justj.openjdk.hotspot.jre.full.win32.x86_64_17.0.8.v20230831-1047/jre/bin;C:\Program Files\Java\jdk-17\bin;C:\Program Files\Java\jdk-18.0.2.1\bin;C:\Program Files\Common Files\Oracle\Java\javapath;C:\ProgramData\Oracle\Java\javapath;C:\Windows\system32;C:\Windows;C:\Windows\System32\Wbem;C:\Windows\System32\WindowsPowerShell\v1.0\;C:\Windows\System32\OpenSSH\;C:\Program Files (x86)\NVIDIA Corporation\PhysX\Common;C:\Program Files\NVIDIA Corporation\NVIDIA NvDLISR;C:\Program Files\dotnet\;C:\Program Files\Java\jdk-21\bin;C:\Users\sweek\AppData\Local\Microsoft\WindowsApps;;C:\Users\sweek\Downloads\eclipse-java-2023-09-R-win32-x86_64\eclipse;
USERNAME=sweek
OS=Windows_NT
PROCESSOR_IDENTIFIER=Intel64 Family 6 Model 142 Stepping 10, GenuineIntel
TMP=C:\Users\sweek\AppData\Local\Temp
TEMP=C:\Users\sweek\AppData\Local\Temp



---------------  S Y S T E M  ---------------

OS:
 Windows 10 , 64 bit Build 19041 (10.0.19041.3636)
OS uptime: 3 days 15:27 hours

CPU: total 8 (initial active 8) (4 cores per cpu, 2 threads per core) family 6 model 142 stepping 10 microcode 0xb4, cx8, cmov, fxsr, ht, mmx, 3dnowpref, sse, sse2, sse3, ssse3, sse4.1, sse4.2, popcnt, lzcnt, tsc, tscinvbit, avx, avx2, aes, erms, clmul, bmi1, bmi2, adx, fma, vzeroupper, clflush, clflushopt
Processor Information for all 8 processors :
  Max Mhz: 1992, Current Mhz: 1792, Mhz Limit: 1792

Memory: 4k page, system-wide physical 8078M (526M free)
TotalPageFile size 32654M (AvailPageFile size 5M)
current process WorkingSet (physical memory assigned to process): 108M, peak: 110M
current process commit charge ("private bytes"): 248M, peak: 249M

vm_info: OpenJDK 64-Bit Server VM (17.0.8.1+1) for windows-amd64 JRE (17.0.8.1+1), built on Aug 23 2023 15:29:17 by "admin" with MS VC++ 16.7 (VS2019)

END.
